Locus requested: AT2G24270
["ERR274310_svg", "Shapes", 61.6121010289725, Array[2]]
["ERR274310_svg", "Shapes", 61.6121010289725, Array[2], 61.6121010289725]
["SRR548277_svg", "Shapes", 229.15183026669916, Array[2]]
["SRR548277_svg", "Shapes", 229.15183026669916, Array[2], 229.15183026669916]
["SRR547531_svg", "Shapes", 190.40159055100946, Array[2]]
["SRR547531_svg", "Shapes", 190.40159055100946, Array[2], 190.40159055100946]
["SRR847503_svg", "Shapes", 103.89231070176078, Array[3]]
["SRR847503_svg", "Shapes", 103.89231070176078, Array[3], 74.6359438841963]
["SRR847505_svg", "Shapes", 155.6438969930321, Array[3]]
["SRR847505_svg", "Shapes", 155.6438969930321, Array[3], 74.6359438841963]
["SRR847504_svg", "Shapes", 117.93712006641324, Array[3]]
["SRR847504_svg", "Shapes", 117.93712006641324, Array[3], 74.6359438841963]
["SRR847506_svg", "Shapes", 117.08773406010772, Array[3]]
["SRR847506_svg", "Shapes", 117.08773406010772, Array[3], 74.6359438841963]
["SRR1207194_svg", "Shapes", 17.665900349941516, Array[3]]
["SRR1207194_svg", "Shapes", 17.665900349941516, Array[3], 28.95636025582658]
["SRR1207195_svg", "Shapes", 40.246820161711646, Array[3]]
["SRR1207195_svg", "Shapes", 40.246820161711646, Array[3], 28.95636025582658]
["SRR1019436_svg", "Shapes", 125.24636204156778, Array[5]]
["SRR1019436_svg", "Shapes", 125.24636204156778, Array[5], 70.45731091789045]
["SRR1019437_svg", "Shapes", 15.668259794213121, Array[5]]
["SRR1019437_svg", "Shapes", 15.668259794213121, Array[5], 70.45731091789045]
["SRR1049784_svg", "Shapes", 32.303325383618656, Array[6]]
["SRR1049784_svg", "Shapes", 32.303325383618656, Array[6], NaN]
["SRR477075_svg", "Shapes", 39.773018480089135, Array[3]]
["SRR477075_svg", "Shapes", 39.773018480089135, Array[3], 101.99054399549166]
["SRR477076_svg", "Shapes", 164.20806951089418, Array[3]]
["SRR477076_svg", "Shapes", 164.20806951089418, Array[3], 101.99054399549166]
["SRR314815_svg", "Shapes", 1.4838437878106228, Array[2]]
["SRR314815_svg", "Shapes", 1.4838437878106228, Array[2], NaN]
["SRR493237_svg", "Shapes", 88.82895537222574, Array[3]]
["SRR493237_svg", "Shapes", 88.82895537222574, Array[3], 85.71461666174721]
["SRR493238_svg", "Shapes", 82.6002779512687, Array[3]]
["SRR493238_svg", "Shapes", 82.6002779512687, Array[3], 85.71461666174721]
["SRR800753_svg", "Shapes", 89.3939697937237, Array[3]]
["SRR800753_svg", "Shapes", 89.3939697937237, Array[3], 249.0548329680313]
["SRR800754_svg", "Shapes", 408.7156961423389, Array[3]]
["SRR800754_svg", "Shapes", 408.7156961423389, Array[3], 249.0548329680313]
["SRR1105822_svg", "Shapes", 52.667834230703306, Array[4]]
["SRR1105822_svg", "Shapes", 52.667834230703306, Array[4], 56.657124547776455]
["SRR1105823_svg", "Shapes", 60.6464148648496, Array[4]]
["SRR1105823_svg", "Shapes", 60.6464148648496, Array[4], 56.657124547776455]
["SRR1159837_svg", "Shapes", 378.21799496365986, Array[6]]
["SRR1159837_svg", "Shapes", 378.21799496365986, Array[6], 193.01997185922582]
["SRR314813_svg", "Shapes", 84.42812727904547, Array[2]]
["SRR314813_svg", "Shapes", 84.42812727904547, Array[2], NaN]
["SRR1159821_svg", "Shapes", 171.84844451537353, Array[6]]
["SRR1159821_svg", "Shapes", 171.84844451537353, Array[6], 193.01997185922582]
["SRR1159827_svg", "Shapes", 28.993476098644006, Array[6]]
["SRR1159827_svg", "Shapes", 28.993476098644006, Array[6], 193.01997185922582]
["SRR446027_svg", "Shapes", 21.533668707500006, Array[7]]
["SRR446027_svg", "Shapes", 21.533668707500006, Array[7], 39.19182596440316]
["SRR446028_svg", "Shapes", 44.65572281413089, Array[7]]
["SRR446028_svg", "Shapes", 44.65572281413089, Array[7], 39.19182596440316]
["SRR446034_svg", "Shapes", 44.2994217810795, Array[7]]
["SRR446034_svg", "Shapes", 44.2994217810795, Array[7], 39.19182596440316]
["SRR446040_svg", "Shapes", 43.08145950052184, Array[7]]
["SRR446040_svg", "Shapes", 43.08145950052184, Array[7], 39.19182596440316]
["SRR446033_svg", "Shapes", 41.194048130451414, Array[7]]
["SRR446033_svg", "Shapes", 41.194048130451414, Array[7], 39.19182596440316]
["SRR446039_svg", "Shapes", 40.38663485273531, Array[7]]
["SRR446039_svg", "Shapes", 40.38663485273531, Array[7], 39.19182596440316]
["SRR446484_svg", "Shapes", 8.88880663139725, Array[3]]
["SRR446484_svg", "Shapes", 8.88880663139725, Array[3], 11.641470075892407]
["SRR446485_svg", "Shapes", 14.260120743410003, Array[3]]
["SRR446485_svg", "Shapes", 14.260120743410003, Array[3], 11.641470075892407]
["SRR446487_svg", "Shapes", 85.84101418659374, Array[3]]
["SRR446487_svg", "Shapes", 85.84101418659374, Array[3], 11.641470075892407]
["SRR446486_svg", "Shapes", 14.394133520387562, Array[3]]
["SRR446486_svg", "Shapes", 14.394133520387562, Array[3], 11.641470075892407]
["SRR493036_svg", "Shapes", 110.70444385819337, Array[6]]
["SRR493036_svg", "Shapes", 110.70444385819337, Array[6], 110.70444385819337]
["SRR493101_svg", "Shapes", 124.57334325618623, Array[14]]
["SRR493101_svg", "Shapes", 124.57334325618623, Array[14], 166.2268970336533]
["SRR493098_svg", "Shapes", 207.8804508111204, Array[15]]
["SRR493098_svg", "Shapes", 207.8804508111204, Array[15], 166.2268970336533]
["SRR493097_svg", "Shapes", 104.81662039861632, Array[15]]
["SRR493097_svg", "Shapes", 104.81662039861632, Array[15], 166.2268970336533]
["SRR924656_svg", "Shapes", 79.61782989532227, Array[4]]
["SRR924656_svg", "Shapes", 79.61782989532227, Array[4], 79.61782989532227]
["SRR764885_svg", "Shapes", 23.56443489169593, Array[2]]
["SRR764885_svg", "Shapes", 23.56443489169593, Array[2], 23.56443489169593]
["SRR934391_svg", "Shapes", 6.179441486953417, Array[2]]
["SRR934391_svg", "Shapes", 6.179441486953417, Array[2], 6.179441486953417]
["SRR942022_svg", "Shapes", 133.43065221684014, Array[10]]
["SRR942022_svg", "Shapes", 133.43065221684014, Array[10], 133.43065221684014]
["SRR070571_svg", "Shapes", 264.77581134831274, Array[3]]
["SRR070571_svg", "Shapes", 264.77581134831274, Array[3], 139.0405644373092]
["SRR070570_svg", "Shapes", 13.305317526305656, Array[3]]
["SRR070570_svg", "Shapes", 13.305317526305656, Array[3], 139.0405644373092]
["SRR1001909_svg", "Shapes", 189.98435149278413, Array[3]]
["SRR1001909_svg", "Shapes", 189.98435149278413, Array[3], 183.87620715432433]
["SRR1001910_svg", "Shapes", 177.7680628158645, Array[3]]
["SRR1001910_svg", "Shapes", 177.7680628158645, Array[3], 183.87620715432433]
["SRR1019221_svg", "Shapes", 33.672427456647135, Array[2]]
["SRR1019221_svg", "Shapes", 33.672427456647135, Array[2], 33.672427456647135]
["SRR345561_svg", "Shapes", 13.310202263016846, Array[3]]
["SRR345561_svg", "Shapes", 13.310202263016846, Array[3], 95.5428463224306]
["SRR345562_svg", "Shapes", 177.77549038184438, Array[3]]
["SRR345562_svg", "Shapes", 177.77549038184438, Array[3], 95.5428463224306]
["SRR346552_svg", "Shapes", 128.14443432285344, Array[3]]
["SRR346552_svg", "Shapes", 128.14443432285344, Array[3], 69.94648099677555]
["SRR346553_svg", "Shapes", 11.748527670697662, Array[3]]
["SRR346553_svg", "Shapes", 11.748527670697662, Array[3], 69.94648099677555]
["SRR394082_svg", "Shapes", 1.4869454529655364, Array[2]]
["SRR394082_svg", "Shapes", 1.4869454529655364, Array[2], 1.4869454529655364]
["SRR504180_svg", "Shapes", 132.1677508256946, Array[4]]
["SRR504180_svg", "Shapes", 132.1677508256946, Array[4], 90.07944787639242]
["SRR504179_svg", "Shapes", 79.58111870761984, Array[4]]
["SRR504179_svg", "Shapes", 79.58111870761984, Array[4], 90.07944787639242]
["SRR515073_svg", "Shapes", 588.052411609529, Array[4]]
["SRR515073_svg", "Shapes", 588.052411609529, Array[4], 588.052411609529]
["SRR504181_svg", "Shapes", 58.48947409586282, Array[4]]
["SRR504181_svg", "Shapes", 58.48947409586282, Array[4], 90.07944787639242]
["SRR515074_svg", "Shapes", 410.4105273682053, Array[4]]
["SRR515074_svg", "Shapes", 410.4105273682053, Array[4], 588.052411609529]
["SRR527165_svg", "Shapes", 80.33723706499194, Array[5]]
["SRR527165_svg", "Shapes", 80.33723706499194, Array[5], 97.3984836435339]
["SRR527164_svg", "Shapes", 114.45973022207583, Array[5]]
["SRR527164_svg", "Shapes", 114.45973022207583, Array[5], 97.3984836435339]
["SRR584115_svg", "Shapes", 62.38512252032382, Array[7]]
["SRR584115_svg", "Shapes", 62.38512252032382, Array[7], 67.71390222434272]
["SRR584121_svg", "Shapes", 73.0426819283616, Array[7]]
["SRR584121_svg", "Shapes", 73.0426819283616, Array[7], 67.71390222434272]
["SRR584129_svg", "Shapes", 24.876668774067674, Array[3]]
["SRR584129_svg", "Shapes", 24.876668774067674, Array[3], 41.02066691075803]
["SRR584134_svg", "Shapes", 57.16466504744839, Array[3]]
["SRR584134_svg", "Shapes", 57.16466504744839, Array[3], 41.02066691075803]
["SRR653561_svg", "Shapes", 23.518967512208484, Array[22]]
["SRR653561_svg", "Shapes", 23.518967512208484, Array[22], 115.24391710241063]
["SRR653555_svg", "Shapes", 161.5046964983361, Array[22]]
["SRR653555_svg", "Shapes", 161.5046964983361, Array[22], 115.24391710241063]
["SRR653557_svg", "Shapes", 216.26856323025112, Array[22]]
["SRR653557_svg", "Shapes", 216.26856323025112, Array[22], 115.24391710241063]
["SRR653556_svg", "Shapes", 152.3035603679742, Array[22]]
["SRR653556_svg", "Shapes", 152.3035603679742, Array[22], 115.24391710241063]
["SRR653562_svg", "Shapes", 47.777589364055686, Array[22]]
["SRR653562_svg", "Shapes", 47.777589364055686, Array[22], 115.24391710241063]
["SRR653563_svg", "Shapes", 258.1487098728372, Array[22]]
["SRR653563_svg", "Shapes", 258.1487098728372, Array[22], 115.24391710241063]
["SRR653567_svg", "Shapes", 218.61530052066973, Array[22]]
["SRR653567_svg", "Shapes", 218.61530052066973, Array[22], 115.24391710241063]
["SRR653564_svg", "Shapes", 39.36896673275033, Array[22]]
["SRR653564_svg", "Shapes", 39.36896673275033, Array[22], 115.24391710241063]
["SRR653565_svg", "Shapes", 36.413201915043516, Array[22]]
["SRR653565_svg", "Shapes", 36.413201915043516, Array[22], 115.24391710241063]
["SRR653566_svg", "Shapes", 311.98877214188883, Array[22]]
["SRR653566_svg", "Shapes", 311.98877214188883, Array[22], 115.24391710241063]
["SRR653568_svg", "Shapes", 156.53341957094773, Array[22]]
["SRR653568_svg", "Shapes", 156.53341957094773, Array[22], 115.24391710241063]
["SRR653569_svg", "Shapes", 14.902057631815424, Array[22]]
["SRR653569_svg", "Shapes", 14.902057631815424, Array[22], 115.24391710241063]
["SRR653571_svg", "Shapes", 158.27257286148986, Array[22]]
["SRR653571_svg", "Shapes", 158.27257286148986, Array[22], 115.24391710241063]
["SRR653573_svg", "Shapes", 59.63593221468403, Array[22]]
["SRR653573_svg", "Shapes", 59.63593221468403, Array[22], 115.24391710241063]
["SRR653572_svg", "Shapes", 64.55028458731151, Array[22]]
["SRR653572_svg", "Shapes", 64.55028458731151, Array[22], 115.24391710241063]
["SRR653570_svg", "Shapes", 126.14506871221526, Array[22]]
["SRR653570_svg", "Shapes", 126.14506871221526, Array[22], 115.24391710241063]
["SRR653575_svg", "Shapes", 23.642357920937204, Array[22]]
["SRR653575_svg", "Shapes", 23.642357920937204, Array[22], 115.24391710241063]
["SRR653574_svg", "Shapes", 167.81959402543197, Array[22]]
["SRR653574_svg", "Shapes", 167.81959402543197, Array[22], 115.24391710241063]
["SRR653576_svg", "Shapes", 3.538133193353491, Array[22]]
["SRR653576_svg", "Shapes", 3.538133193353491, Array[22], 115.24391710241063]
["SRR797194_svg", "Shapes", 9.168128790667462, Array[4]]
["SRR797194_svg", "Shapes", 9.168128790667462, Array[4], 13.750806983908348]
["SRR797230_svg", "Shapes", 14.120197450886845, Array[4]]
["SRR797230_svg", "Shapes", 14.120197450886845, Array[4], 13.750806983908348]
["SRR653577_svg", "Shapes", 126.99793977659037, Array[22]]
["SRR653577_svg", "Shapes", 126.99793977659037, Array[22], 115.24391710241063]
["SRR653578_svg", "Shapes", 52.17657049983121, Array[22]]
["SRR653578_svg", "Shapes", 52.17657049983121, Array[22], 115.24391710241063]
["SRR833246_svg", "Shapes", 17.964094710170738, Array[4]]
["SRR833246_svg", "Shapes", 17.964094710170738, Array[4], 13.750806983908348]
["SRR847501_svg", "Shapes", 6.510477277511543, Array[5]]
["SRR847501_svg", "Shapes", 6.510477277511543, Array[5], 123.64026545532846]
["SRR847502_svg", "Shapes", 142.76141049088105, Array[5]]
["SRR847502_svg", "Shapes", 142.76141049088105, Array[5], 123.64026545532846]
["SRR1260032_svg", "Shapes", 53.99363795998875, Array[5]]
["SRR1260032_svg", "Shapes", 53.99363795998875, Array[5], 65.58644264571949]
["SRR1260033_svg", "Shapes", 77.17924733145021, Array[5]]
["SRR1260033_svg", "Shapes", 77.17924733145021, Array[5], 65.58644264571949]
["SRR1261509_svg", "Shapes", 8.02394164911154, Array[2]]
["SRR1261509_svg", "Shapes", 8.02394164911154, Array[2], 8.02394164911154]
["SRR401413_svg", "Shapes", 84.96209716157308, Array[10]]
["SRR401413_svg", "Shapes", 84.96209716157308, Array[10], 135.41594038968998]
["SRR401414_svg", "Shapes", 225.90584333671706, Array[10]]
["SRR401414_svg", "Shapes", 225.90584333671706, Array[10], 135.41594038968998]
["SRR401415_svg", "Shapes", 211.30135821785552, Array[10]]
["SRR401415_svg", "Shapes", 211.30135821785552, Array[10], 135.41594038968998]
["SRR401416_svg", "Shapes", 78.98725434575407, Array[10]]
["SRR401416_svg", "Shapes", 78.98725434575407, Array[10], 135.41594038968998]
["SRR401417_svg", "Shapes", 222.7930025044588, Array[10]]
["SRR401417_svg", "Shapes", 222.7930025044588, Array[10], 135.41594038968998]
["SRR401418_svg", "Shapes", 39.60740850824462, Array[10]]
["SRR401418_svg", "Shapes", 39.60740850824462, Array[10], 135.41594038968998]
["SRR401419_svg", "Shapes", 44.87151429514407, Array[10]]
["SRR401419_svg", "Shapes", 44.87151429514407, Array[10], 135.41594038968998]
["SRR401420_svg", "Shapes", 299.1467370256944, Array[10]]
["SRR401420_svg", "Shapes", 299.1467370256944, Array[10], 135.41594038968998]
["SRR401421_svg", "Shapes", 11.168248111767868, Array[10]]
["SRR401421_svg", "Shapes", 11.168248111767868, Array[10], 135.41594038968998]
["ERR274309_svg", "Shapes", 39.01766881548823, Array[2]]
["ERR274309_svg", "Shapes", 39.01766881548823, Array[2], 61.6121010289725]
["SRR1524935_svg", "Shapes", 84.07883567570414, Array[4]]
["SRR1524935_svg", "Shapes", 84.07883567570414, Array[4], NaN]
["SRR1524940_svg", "Shapes", 29.75911381702852, Array[4]]
["SRR1524940_svg", "Shapes", 29.75911381702852, Array[4], NaN]
["SRR1046909_svg", "Shapes", 489.1632724617086, Array[3]]
["SRR1046909_svg", "Shapes", 489.1632724617086, Array[3], 493.98134168641695]
["SRR1046910_svg", "Shapes", 498.79941091112534, Array[3]]
["SRR1046910_svg", "Shapes", 498.79941091112534, Array[3], 493.98134168641695]
["SRR1524938_svg", "Shapes", 128.73411950294573, Array[4]]
["SRR1524938_svg", "Shapes", 128.73411950294573, Array[4], NaN]0: "SRR1524938_svg"1: "Shapes"2: 128.734119502945733: Array[4]0: "SRR1524941"1: "SRR1524945"2: "SRR1524946"3: ""length: 4__proto__: Array[0]4: NaNlength: 5__proto__: Array[0]
["SRR314814_svg", "Shapes", 117.36758651527119, Array[2]]0: "SRR314814_svg"1: "Shapes"2: 117.367586515271193: Array[2]0: "MEDIAN"1: ""length: 2__proto__: Array[0]4: NaNlength: 5__proto__: Array[0]
["SRR314814_svg", "Shapes", 117.36758651527119, Array[2], NaN]
["SRR949956_svg", "Shapes", 504.29382631590425, Array[5]]
["SRR949956_svg", "Shapes", 504.29382631590425, Array[5], 285.33250987996576]
["SRR949965_svg", "Shapes", 454.31465100331815, Array[5]]
["SRR949965_svg", "Shapes", 454.31465100331815, Array[5], 285.33250987996576]
["SRR949988_svg", "Shapes", 122.90359491343077, Array[5]]
["SRR949988_svg", "Shapes", 122.90359491343077, Array[5], 285.33250987996576]
["SRR949989_svg", "Shapes", 59.817967287209626, Array[5]]
["SRR949989_svg", "Shapes", 59.817967287209626, Array[5], 285.33250987996576]
Colouring function finished. Errors should be above this log entry.
